<?xml version="1.0" encoding="UTF-8" ?>
<testsuite 
errors="0" failures="0" hostname="FVFCC10EL414" name="api.Requests" tests="2" time="2.953" timestamp="2024-02-13T13:42:01">
  <properties>
[...]
</properties>
  <testcase 
  name="*Feature* - Creating and getting single user request [success = 201 and 200] POST - Creating user" classname="api.Requests" time="2.598">
</testcase>
  <testcase 
  name="*Feature* - Creating and getting single user request [success = 201 and 200] GET - Getting single user by ID" classname="api.Requests" time="0.288">
</testcase>
  <system-out><![CDATA[]]></system-out>
  <system-err><![CDATA[]]></system-err>
</testsuite>
