<?xml version="1.0" encoding="UTF-8" ?>
<testsuite 
errors="1" failures="0" hostname="FVFCC10EL414" name="api.tests.Requests" tests="0" time="0.017" timestamp="2024-02-12T14:47:58">
  <properties>
[...]
</properties>
  <system-out><![CDATA[]]></system-out>
  <system-err>
    <![CDATA[org.scalatest.exceptions.NotAllowedException: org.scalatest.exceptions.NotAllowedException was thrown inside "*Feature* - Creating and getting single user request [success = 201 and 200]" -, construction cannot continue: "Assertion should be put inside in clause, not - clause."
      at org.scalatest.freespec.AnyFreeSpecLike$FreeSpecStringWrapper.$minus(AnyFreeSpecLike.scala:294)
      at api.tests.Requests.<init>(Requests.scala:19)
      at java.base/jdk.internal.reflect.NativeConstructorAccessorImpl.newInstance0(Native Method)
      at java.base/jdk.internal.reflect.NativeConstructorAccessorImpl.newInstance(NativeConstructorAccessorImpl.java:62)
      at java.base/jdk.internal.reflect.DelegatingConstructorAccessorImpl.newInstance(DelegatingConstructorAccessorImpl.java:45)
      at java.base/java.lang.reflect.Constructor.newInstance(Constructor.java:490)
      at java.base/java.lang.Class.newInstance(Class.java:584)
      at org.scalatest.tools.Framework$ScalaTestTask.execute(Framework.scala:454)
      at sbt.TestRunner.runTest$1(TestFramework.scala:153)
      at sbt.TestRunner.run(TestFramework.scala:168)
      at sbt.TestFramework$$anon$3$$anonfun$$lessinit$greater$1.$anonfun$apply$1(TestFramework.scala:336)
      at sbt.TestFramework$.sbt$TestFramework$$withContextLoader(TestFramework.scala:296)
      at sbt.TestFramework$$anon$3$$anonfun$$lessinit$greater$1.apply(TestFramework.scala:336)
      at sbt.TestFramework$$anon$3$$anonfun$$lessinit$greater$1.apply(TestFramework.scala:336)
      at sbt.TestFunction.apply(TestFramework.scala:348)
      at sbt.Tests$.processRunnable$1(Tests.scala:475)
      at sbt.Tests$.$anonfun$makeSerial$1(Tests.scala:481)
      at sbt.std.Transform$$anon$3.$anonfun$apply$2(Transform.scala:47)
      at sbt.std.Transform$$anon$4.work(Transform.scala:69)
      at sbt.Execute.$anonfun$submit$2(Execute.scala:283)
      at sbt.internal.util.ErrorHandling$.wideConvert(ErrorHandling.scala:24)
      at sbt.Execute.work(Execute.scala:292)
      at sbt.Execute.$anonfun$submit$1(Execute.scala:283)
      at sbt.ConcurrentRestrictions$$anon$4.$anonfun$submitValid$1(ConcurrentRestrictions.scala:265)
      at sbt.CompletionService$$anon$2.call(CompletionService.scala:65)
      at java.base/java.util.concurrent.FutureTask.run(FutureTask.java:264)
      at java.base/java.util.concurrent.Executors$RunnableAdapter.call(Executors.java:515)
      at java.base/java.util.concurrent.FutureTask.run(FutureTask.java:264)
      at java.base/java.util.concurrent.ThreadPoolExecutor.runWorker(ThreadPoolExecutor.java:1128)
      at java.base/java.util.concurrent.ThreadPoolExecutor$Worker.run(ThreadPoolExecutor.java:628)
      at java.base/java.lang.Thread.run(Thread.java:829)
      Cause: org.scalatest.exceptions.NotAllowedException: Assertion should be put inside in clause, not - clause.
      at org.scalatest.freespec.AnyFreeSpecLike$FreeSpecStringWrapper.$minus(AnyFreeSpecLike.scala:290)
      at api.tests.Requests.$anonfun$new$1(Requests.scala:20)
      at org.scalatest.SuperEngine.registerNestedBranch(Engine.scala:609)
      at org.scalatest.freespec.AnyFreeSpecLike$FreeSpecStringWrapper.$minus(AnyFreeSpecLike.scala:287)
      at api.tests.Requests.<init>(Requests.scala:19)
      at java.base/jdk.internal.reflect.NativeConstructorAccessorImpl.newInstance0(Native Method)
      at java.base/jdk.internal.reflect.NativeConstructorAccessorImpl.newInstance(NativeConstructorAccessorImpl.java:62)
      at java.base/jdk.internal.reflect.DelegatingConstructorAccessorImpl.newInstance(DelegatingConstructorAccessorImpl.java:45)
      at java.base/java.lang.reflect.Constructor.newInstance(Constructor.java:490)
      at java.base/java.lang.Class.newInstance(Class.java:584)
      at org.scalatest.tools.Framework$ScalaTestTask.execute(Framework.scala:454)
      at sbt.TestRunner.runTest$1(TestFramework.scala:153)
      at sbt.TestRunner.run(TestFramework.scala:168)
      at sbt.TestFramework$$anon$3$$anonfun$$lessinit$greater$1.$anonfun$apply$1(TestFramework.scala:336)
      at sbt.TestFramework$.sbt$TestFramework$$withContextLoader(TestFramework.scala:296)
      at sbt.TestFramework$$anon$3$$anonfun$$lessinit$greater$1.apply(TestFramework.scala:336)
      at sbt.TestFramework$$anon$3$$anonfun$$lessinit$greater$1.apply(TestFramework.scala:336)
      at sbt.TestFunction.apply(TestFramework.scala:348)
      at sbt.Tests$.processRunnable$1(Tests.scala:475)
      at sbt.Tests$.$anonfun$makeSerial$1(Tests.scala:481)
      at sbt.std.Transform$$anon$3.$anonfun$apply$2(Transform.scala:47)
      at sbt.std.Transform$$anon$4.work(Transform.scala:69)
      at sbt.Execute.$anonfun$submit$2(Execute.scala:283)
      at sbt.internal.util.ErrorHandling$.wideConvert(ErrorHandling.scala:24)
      at sbt.Execute.work(Execute.scala:292)
      at sbt.Execute.$anonfun$submit$1(Execute.scala:283)
      at sbt.ConcurrentRestrictions$$anon$4.$anonfun$submitValid$1(ConcurrentRestrictions.scala:265)
      at sbt.CompletionService$$anon$2.call(CompletionService.scala:65)
      at java.base/java.util.concurrent.FutureTask.run(FutureTask.java:264)
      at java.base/java.util.concurrent.Executors$RunnableAdapter.call(Executors.java:515)
      at java.base/java.util.concurrent.FutureTask.run(FutureTask.java:264)
      at java.base/java.util.concurrent.ThreadPoolExecutor.runWorker(ThreadPoolExecutor.java:1128)
      at java.base/java.util.concurrent.ThreadPoolExecutor$Worker.run(ThreadPoolExecutor.java:628)
      at java.base/java.lang.Thread.run(Thread.java:829)
      Cause: org.scalatest.exceptions.TestFailedException: "morpheu[s]" did not equal "morpheu[]"
      at org.scalatest.matchers.MatchersHelper$.indicateFailure(MatchersHelper.scala:397)
      at org.scalatest.matchers.must.Matchers$AnyMustWrapper.mustEqual(Matchers.scala:7394)
      at api.tests.Requests.$anonfun$new$2(Requests.scala:34)
      at org.scalatest.SuperEngine.registerNestedBranch(Engine.scala:609)
      at org.scalatest.freespec.AnyFreeSpecLike$FreeSpecStringWrapper.$minus(AnyFreeSpecLike.scala:287)
      at api.tests.Requests.$anonfun$new$1(Requests.scala:20)
      at org.scalatest.SuperEngine.registerNestedBranch(Engine.scala:609)
      at org.scalatest.freespec.AnyFreeSpecLike$FreeSpecStringWrapper.$minus(AnyFreeSpecLike.scala:287)
      at api.tests.Requests.<init>(Requests.scala:19)
      at java.base/jdk.internal.reflect.NativeConstructorAccessorImpl.newInstance0(Native Method)
      at java.base/jdk.internal.reflect.NativeConstructorAccessorImpl.newInstance(NativeConstructorAccessorImpl.java:62)
      at java.base/jdk.internal.reflect.DelegatingConstructorAccessorImpl.newInstance(DelegatingConstructorAccessorImpl.java:45)
      at java.base/java.lang.reflect.Constructor.newInstance(Constructor.java:490)
      at java.base/java.lang.Class.newInstance(Class.java:584)
      at org.scalatest.tools.Framework$ScalaTestTask.execute(Framework.scala:454)
      at sbt.TestRunner.runTest$1(TestFramework.scala:153)
      at sbt.TestRunner.run(TestFramework.scala:168)
      at sbt.TestFramework$$anon$3$$anonfun$$lessinit$greater$1.$anonfun$apply$1(TestFramework.scala:336)
      at sbt.TestFramework$.sbt$TestFramework$$withContextLoader(TestFramework.scala:296)
      at sbt.TestFramework$$anon$3$$anonfun$$lessinit$greater$1.apply(TestFramework.scala:336)
      at sbt.TestFramework$$anon$3$$anonfun$$lessinit$greater$1.apply(TestFramework.scala:336)
      at sbt.TestFunction.apply(TestFramework.scala:348)
      at sbt.Tests$.processRunnable$1(Tests.scala:475)
      at sbt.Tests$.$anonfun$makeSerial$1(Tests.scala:481)
      at sbt.std.Transform$$anon$3.$anonfun$apply$2(Transform.scala:47)
      at sbt.std.Transform$$anon$4.work(Transform.scala:69)
      at sbt.Execute.$anonfun$submit$2(Execute.scala:283)
      at sbt.internal.util.ErrorHandling$.wideConvert(ErrorHandling.scala:24)
      at sbt.Execute.work(Execute.scala:292)
      at sbt.Execute.$anonfun$submit$1(Execute.scala:283)
      at sbt.ConcurrentRestrictions$$anon$4.$anonfun$submitValid$1(ConcurrentRestrictions.scala:265)
      at sbt.CompletionService$$anon$2.call(CompletionService.scala:65)
      at java.base/java.util.concurrent.FutureTask.run(FutureTask.java:264)
      at java.base/java.util.concurrent.Executors$RunnableAdapter.call(Executors.java:515)
      at java.base/java.util.concurrent.FutureTask.run(FutureTask.java:264)
      at java.base/java.util.concurrent.ThreadPoolExecutor.runWorker(ThreadPoolExecutor.java:1128)
      at java.base/java.util.concurrent.ThreadPoolExecutor$Worker.run(ThreadPoolExecutor.java:628)
      at java.base/java.lang.Thread.run(Thread.java:829)
]]>
  </system-err>
</testsuite>
