<?xml version="1.0" encoding="UTF-8" ?>
<testsuite 
errors="1" failures="0" hostname="FVFCC10EL414" name="api.tests.Requests" tests="0" time="0.017" timestamp="2024-02-12T14:47:58">
  <properties>
    <property name="jline.esc.timeout" value="0"/>
    <property name="jna.platform.library.path" value="/usr/lib:/usr/lib"/>
    <property name="java.runtime.name" value="OpenJDK Runtime Environment"/>
    <property name="java.vm.version" value="11.0.16.1+0"/>
    <property
    name="sun.boot.library.path" value="/usr/local/Cellar/openjdk@11/11.0.16.1/libexec/openjdk.jdk/Contents/Home/lib"/>
    <property name="gopherProxySet" value="false"/>
    <property name="java.vm.vendor" value="Homebrew"/>
    <property
    name="java.vendor.url" value="https://github.com/Homebrew/homebrew-core/issues"/>
    <property name="path.separator" value=":"/>
    <property name="jna.loaded" value="true"/>
    <property name="java.vm.name" value="OpenJDK 64-Bit Server VM"/>
    <property name="sun.os.patch.level" value="unknown"/>
    <property name="user.country" value="GB"/>
    <property name="sun.java.launcher" value="SUN_STANDARD"/>
    <property name="jna.nosys" value="true"/>
    <property
    name="java.vm.specification.name" value="Java Virtual Machine Specification"/>
    <property name="user.dir" value="/Users/kiranhaleyur/phase5rpo/WorkTest"/>
    <property name="java.vm.compressedOopsMode" value="Zero based"/>
    <property name="java.runtime.version" value="11.0.16.1+0"/>
    <property
    name="java.awt.graphicsenv" value="sun.awt.CGraphicsEnvironment"/>
    <property name="os.arch" value="x86_64"/>
    <property
    name="java.io.tmpdir" value="/var/folders/6t/k477mzmd45b3dt7_h9_w_28r0000gp/T/"/>
    <property name="line.separator" value=" "/>
    <property name="java.vm.specification.vendor" value="Oracle Corporation"/>
    <property name="log4j.ignoreTCL" value="true"/>
    <property name="os.name" value="Mac OS X"/>
    <property name="sun.jnu.encoding" value="UTF-8"/>
    <property
    name="scala.ext.dirs" value="/Users/kiranhaleyur/.sbt/1.0/java9-rt-ext-homebrew_11_0_16_1"/>
    <property
    name="jnidispatch.path" value="/Users/kiranhaleyur/Library/Caches/JNA/temp/jna11677568162213751155.tmp"/>
    <property
    name="java.library.path" value="/Users/kiranhaleyur/Library/Java/Extensions:/Library/Java/Extensions:/Network/Library/Java/Extensions:/System/Library/Java/Extensions:/usr/lib/java:."/>
    <property name="jdk.debug" value="release"/>
    <property name="java.class.version" value="55.0"/>
    <property
    name="java.specification.name" value="Java Platform API Specification"/>
    <property
    name="sbt.ipcsocket.tmpdir" value="/var/folders/6t/k477mzmd45b3dt7_h9_w_28r0000gp/T/.sbtb023ae35/ipcsocket"/>
    <property
    name="sun.management.compiler" value="HotSpot 64-Bit Tiered Compilers"/>
    <property name="os.version" value="13.6.1"/>
    <property
    name="http.nonProxyHosts" value="local|*.local|169.254/16|*.169.254/16"/>
    <property name="user.home" value="/Users/kiranhaleyur"/>
    <property
    name="swoval.tmpdir" value="/var/folders/6t/k477mzmd45b3dt7_h9_w_28r0000gp/T/.sbtb023ae35/swoval"/>
    <property name="user.timezone" value="Europe/London"/>
    <property name="java.awt.printerjob" value="sun.lwawt.macosx.CPrinterJob"/>
    <property name="file.encoding" value="UTF-8"/>
    <property name="java.specification.version" value="11"/>
    <property name="user.name" value="kiranhaleyur"/>
    <property
    name="java.class.path" value="/Users/kiranhaleyur/.local/bin/sbt-launch.jar"/>
    <property name="jline.shutdownhook" value="false"/>
    <property name="java.vm.specification.version" value="11"/>
    <property name="sun.arch.data.model" value="64"/>
    <property
    name="sun.java.command" value="/Users/kiranhaleyur/.local/bin/sbt-launch.jar test"/>
    <property
    name="java.home" value="/usr/local/Cellar/openjdk@11/11.0.16.1/libexec/openjdk.jdk/Contents/Home"/>
    <property name="user.language" value="en"/>
    <property name="java.specification.vendor" value="Oracle Corporation"/>
    <property name="awt.toolkit" value="sun.lwawt.macosx.LWCToolkit"/>
    <property name="java.vm.info" value="mixed mode"/>
    <property name="java.version" value="11.0.16.1"/>
    <property name="java.vendor" value="Homebrew"/>
    <property name="file.separator" value="/"/>
    <property name="java.version.date" value="2022-08-12"/>
    <property
    name="java.vendor.url.bug" value="https://github.com/Homebrew/homebrew-core/issues"/>
    <property name="sun.io.unicode.encoding" value="UnicodeBig"/>
    <property name="sun.cpu.endian" value="little"/>
    <property name="java.vendor.version" value="Homebrew"/>
    <property
    name="socksNonProxyHosts" value="local|*.local|169.254/16|*.169.254/16"/>
    <property
    name="ftp.nonProxyHosts" value="local|*.local|169.254/16|*.169.254/16"/>
    <property name="sun.cpu.isalist" value=""/>
  </properties>
  <system-out><![CDATA[]]></system-out>
  <system-err>
    <![CDATA[org.scalatest.exceptions.NotAllowedException: org.scalatest.exceptions.NotAllowedException was thrown inside "*Feature* - Creating and getting single user request [success = 201 and 200]" -, construction cannot continue: "Assertion should be put inside in clause, not - clause."
      at org.scalatest.freespec.AnyFreeSpecLike$FreeSpecStringWrapper.$minus(AnyFreeSpecLike.scala:294)
      at api.tests.Requests.<init>(Requests.scala:19)
      at java.base/jdk.internal.reflect.NativeConstructorAccessorImpl.newInstance0(Native Method)
      at java.base/jdk.internal.reflect.NativeConstructorAccessorImpl.newInstance(NativeConstructorAccessorImpl.java:62)
      at java.base/jdk.internal.reflect.DelegatingConstructorAccessorImpl.newInstance(DelegatingConstructorAccessorImpl.java:45)
      at java.base/java.lang.reflect.Constructor.newInstance(Constructor.java:490)
      at java.base/java.lang.Class.newInstance(Class.java:584)
      at org.scalatest.tools.Framework$ScalaTestTask.execute(Framework.scala:454)
      at sbt.TestRunner.runTest$1(TestFramework.scala:153)
      at sbt.TestRunner.run(TestFramework.scala:168)
      at sbt.TestFramework$$anon$3$$anonfun$$lessinit$greater$1.$anonfun$apply$1(TestFramework.scala:336)
      at sbt.TestFramework$.sbt$TestFramework$$withContextLoader(TestFramework.scala:296)
      at sbt.TestFramework$$anon$3$$anonfun$$lessinit$greater$1.apply(TestFramework.scala:336)
      at sbt.TestFramework$$anon$3$$anonfun$$lessinit$greater$1.apply(TestFramework.scala:336)
      at sbt.TestFunction.apply(TestFramework.scala:348)
      at sbt.Tests$.processRunnable$1(Tests.scala:475)
      at sbt.Tests$.$anonfun$makeSerial$1(Tests.scala:481)
      at sbt.std.Transform$$anon$3.$anonfun$apply$2(Transform.scala:47)
      at sbt.std.Transform$$anon$4.work(Transform.scala:69)
      at sbt.Execute.$anonfun$submit$2(Execute.scala:283)
      at sbt.internal.util.ErrorHandling$.wideConvert(ErrorHandling.scala:24)
      at sbt.Execute.work(Execute.scala:292)
      at sbt.Execute.$anonfun$submit$1(Execute.scala:283)
      at sbt.ConcurrentRestrictions$$anon$4.$anonfun$submitValid$1(ConcurrentRestrictions.scala:265)
      at sbt.CompletionService$$anon$2.call(CompletionService.scala:65)
      at java.base/java.util.concurrent.FutureTask.run(FutureTask.java:264)
      at java.base/java.util.concurrent.Executors$RunnableAdapter.call(Executors.java:515)
      at java.base/java.util.concurrent.FutureTask.run(FutureTask.java:264)
      at java.base/java.util.concurrent.ThreadPoolExecutor.runWorker(ThreadPoolExecutor.java:1128)
      at java.base/java.util.concurrent.ThreadPoolExecutor$Worker.run(ThreadPoolExecutor.java:628)
      at java.base/java.lang.Thread.run(Thread.java:829)
      Cause: org.scalatest.exceptions.NotAllowedException: Assertion should be put inside in clause, not - clause.
      at org.scalatest.freespec.AnyFreeSpecLike$FreeSpecStringWrapper.$minus(AnyFreeSpecLike.scala:290)
      at api.tests.Requests.$anonfun$new$1(Requests.scala:20)
      at org.scalatest.SuperEngine.registerNestedBranch(Engine.scala:609)
      at org.scalatest.freespec.AnyFreeSpecLike$FreeSpecStringWrapper.$minus(AnyFreeSpecLike.scala:287)
      at api.tests.Requests.<init>(Requests.scala:19)
      at java.base/jdk.internal.reflect.NativeConstructorAccessorImpl.newInstance0(Native Method)
      at java.base/jdk.internal.reflect.NativeConstructorAccessorImpl.newInstance(NativeConstructorAccessorImpl.java:62)
      at java.base/jdk.internal.reflect.DelegatingConstructorAccessorImpl.newInstance(DelegatingConstructorAccessorImpl.java:45)
      at java.base/java.lang.reflect.Constructor.newInstance(Constructor.java:490)
      at java.base/java.lang.Class.newInstance(Class.java:584)
      at org.scalatest.tools.Framework$ScalaTestTask.execute(Framework.scala:454)
      at sbt.TestRunner.runTest$1(TestFramework.scala:153)
      at sbt.TestRunner.run(TestFramework.scala:168)
      at sbt.TestFramework$$anon$3$$anonfun$$lessinit$greater$1.$anonfun$apply$1(TestFramework.scala:336)
      at sbt.TestFramework$.sbt$TestFramework$$withContextLoader(TestFramework.scala:296)
      at sbt.TestFramework$$anon$3$$anonfun$$lessinit$greater$1.apply(TestFramework.scala:336)
      at sbt.TestFramework$$anon$3$$anonfun$$lessinit$greater$1.apply(TestFramework.scala:336)
      at sbt.TestFunction.apply(TestFramework.scala:348)
      at sbt.Tests$.processRunnable$1(Tests.scala:475)
      at sbt.Tests$.$anonfun$makeSerial$1(Tests.scala:481)
      at sbt.std.Transform$$anon$3.$anonfun$apply$2(Transform.scala:47)
      at sbt.std.Transform$$anon$4.work(Transform.scala:69)
      at sbt.Execute.$anonfun$submit$2(Execute.scala:283)
      at sbt.internal.util.ErrorHandling$.wideConvert(ErrorHandling.scala:24)
      at sbt.Execute.work(Execute.scala:292)
      at sbt.Execute.$anonfun$submit$1(Execute.scala:283)
      at sbt.ConcurrentRestrictions$$anon$4.$anonfun$submitValid$1(ConcurrentRestrictions.scala:265)
      at sbt.CompletionService$$anon$2.call(CompletionService.scala:65)
      at java.base/java.util.concurrent.FutureTask.run(FutureTask.java:264)
      at java.base/java.util.concurrent.Executors$RunnableAdapter.call(Executors.java:515)
      at java.base/java.util.concurrent.FutureTask.run(FutureTask.java:264)
      at java.base/java.util.concurrent.ThreadPoolExecutor.runWorker(ThreadPoolExecutor.java:1128)
      at java.base/java.util.concurrent.ThreadPoolExecutor$Worker.run(ThreadPoolExecutor.java:628)
      at java.base/java.lang.Thread.run(Thread.java:829)
      Cause: org.scalatest.exceptions.TestFailedException: "morpheu[s]" did not equal "morpheu[]"
      at org.scalatest.matchers.MatchersHelper$.indicateFailure(MatchersHelper.scala:397)
      at org.scalatest.matchers.must.Matchers$AnyMustWrapper.mustEqual(Matchers.scala:7394)
      at api.tests.Requests.$anonfun$new$2(Requests.scala:34)
      at org.scalatest.SuperEngine.registerNestedBranch(Engine.scala:609)
      at org.scalatest.freespec.AnyFreeSpecLike$FreeSpecStringWrapper.$minus(AnyFreeSpecLike.scala:287)
      at api.tests.Requests.$anonfun$new$1(Requests.scala:20)
      at org.scalatest.SuperEngine.registerNestedBranch(Engine.scala:609)
      at org.scalatest.freespec.AnyFreeSpecLike$FreeSpecStringWrapper.$minus(AnyFreeSpecLike.scala:287)
      at api.tests.Requests.<init>(Requests.scala:19)
      at java.base/jdk.internal.reflect.NativeConstructorAccessorImpl.newInstance0(Native Method)
      at java.base/jdk.internal.reflect.NativeConstructorAccessorImpl.newInstance(NativeConstructorAccessorImpl.java:62)
      at java.base/jdk.internal.reflect.DelegatingConstructorAccessorImpl.newInstance(DelegatingConstructorAccessorImpl.java:45)
      at java.base/java.lang.reflect.Constructor.newInstance(Constructor.java:490)
      at java.base/java.lang.Class.newInstance(Class.java:584)
      at org.scalatest.tools.Framework$ScalaTestTask.execute(Framework.scala:454)
      at sbt.TestRunner.runTest$1(TestFramework.scala:153)
      at sbt.TestRunner.run(TestFramework.scala:168)
      at sbt.TestFramework$$anon$3$$anonfun$$lessinit$greater$1.$anonfun$apply$1(TestFramework.scala:336)
      at sbt.TestFramework$.sbt$TestFramework$$withContextLoader(TestFramework.scala:296)
      at sbt.TestFramework$$anon$3$$anonfun$$lessinit$greater$1.apply(TestFramework.scala:336)
      at sbt.TestFramework$$anon$3$$anonfun$$lessinit$greater$1.apply(TestFramework.scala:336)
      at sbt.TestFunction.apply(TestFramework.scala:348)
      at sbt.Tests$.processRunnable$1(Tests.scala:475)
      at sbt.Tests$.$anonfun$makeSerial$1(Tests.scala:481)
      at sbt.std.Transform$$anon$3.$anonfun$apply$2(Transform.scala:47)
      at sbt.std.Transform$$anon$4.work(Transform.scala:69)
      at sbt.Execute.$anonfun$submit$2(Execute.scala:283)
      at sbt.internal.util.ErrorHandling$.wideConvert(ErrorHandling.scala:24)
      at sbt.Execute.work(Execute.scala:292)
      at sbt.Execute.$anonfun$submit$1(Execute.scala:283)
      at sbt.ConcurrentRestrictions$$anon$4.$anonfun$submitValid$1(ConcurrentRestrictions.scala:265)
      at sbt.CompletionService$$anon$2.call(CompletionService.scala:65)
      at java.base/java.util.concurrent.FutureTask.run(FutureTask.java:264)
      at java.base/java.util.concurrent.Executors$RunnableAdapter.call(Executors.java:515)
      at java.base/java.util.concurrent.FutureTask.run(FutureTask.java:264)
      at java.base/java.util.concurrent.ThreadPoolExecutor.runWorker(ThreadPoolExecutor.java:1128)
      at java.base/java.util.concurrent.ThreadPoolExecutor$Worker.run(ThreadPoolExecutor.java:628)
      at java.base/java.lang.Thread.run(Thread.java:829)
]]>
  </system-err>
</testsuite>
